<?xml version="1.0" encoding="UTF-8"?>
<testsuites name="jest tests" tests="29" failures="0" errors="0" time="18.634">
  <testsuite name="AccessibilitySettings" errors="0" failures="0" skipped="0" timestamp="2025-03-09T15:44:04" time="4.793" tests="1">
    <testcase classname="AccessibilitySettings opens modal and toggles accessibility options" name="AccessibilitySettings opens modal and toggles accessibility options" time="1.445">
    </testcase>
  </testsuite>
  <testsuite name="HomeScreen" errors="0" failures="0" skipped="0" timestamp="2025-03-09T15:44:04" time="5.272" tests="8">
    <testcase classname="HomeScreen renders correctly" name="HomeScreen renders correctly" time="0.711">
    </testcase>
    <testcase classname="HomeScreen navigates to CampusMap when &quot;Explore Campus Map&quot; button is pressed" name="HomeScreen navigates to CampusMap when &quot;Explore Campus Map&quot; button is pressed" time="0.009">
    </testcase>
    <testcase classname="HomeScreen navigates to Directions when &quot;Get Directions&quot; button is pressed" name="HomeScreen navigates to Directions when &quot;Get Directions&quot; button is pressed" time="0.003">
    </testcase>
    <testcase classname="HomeScreen navigates to CalendarIntegration when &quot;Connect to Google Calendar&quot; button is pressed" name="HomeScreen navigates to CalendarIntegration when &quot;Connect to Google Calendar&quot; button is pressed" time="0.003">
    </testcase>
    <testcase classname="HomeScreen navigates to IndoorDirections when &quot;Indoor Navigation&quot; button is pressed" name="HomeScreen navigates to IndoorDirections when &quot;Indoor Navigation&quot; button is pressed" time="0.003">
    </testcase>
    <testcase classname="HomeScreen navigates to PointsOfInterest when &quot;Find Points of Interest&quot; button is pressed" name="HomeScreen navigates to PointsOfInterest when &quot;Find Points of Interest&quot; button is pressed" time="0.002">
    </testcase>
    <testcase classname="HomeScreen renders title correctly" name="HomeScreen renders title correctly" time="0.002">
    </testcase>
    <testcase classname="HomeScreen opens shuttle schedule on button press" name="HomeScreen opens shuttle schedule on button press" time="0.054">
    </testcase>
  </testsuite>
  <testsuite name="DirectionsScreen" errors="0" failures="0" skipped="0" timestamp="2025-03-09T15:44:04" time="17.989" tests="20">
    <testcase classname="DirectionsScreen renders origin and destination input placeholders" name="DirectionsScreen renders origin and destination input placeholders" time="1">
    </testcase>
    <testcase classname="DirectionsScreen renders Use My Location and Clear Points buttons" name="DirectionsScreen renders Use My Location and Clear Points buttons" time="0.075">
    </testcase>
    <testcase classname="DirectionsScreen renders Trace route button" name="DirectionsScreen renders Trace route button" time="0.052">
    </testcase>
    <testcase classname="DirectionsScreen calls clearPoints when Clear Points is pressed" name="DirectionsScreen calls clearPoints when Clear Points is pressed" time="0.131">
    </testcase>
    <testcase classname="DirectionsScreen matches snapshot" name="DirectionsScreen matches snapshot" time="0.17">
    </testcase>
    <testcase classname="DirectionsScreen sets steps to empty when API returns no steps" name="DirectionsScreen sets steps to empty when API returns no steps" time="1.526">
    </testcase>
    <testcase classname="More DirectionsScreen interactions shows error when tracing route with no origin" name="More DirectionsScreen interactions shows error when tracing route with no origin" time="0.642">
    </testcase>
    <testcase classname="More DirectionsScreen interactions shows error when tracing route with no destination" name="More DirectionsScreen interactions shows error when tracing route with no destination" time="0.639">
    </testcase>
    <testcase classname="More DirectionsScreen interactions sets campus points and toggles shuttle route" name="More DirectionsScreen interactions sets campus points and toggles shuttle route" time="2.026">
    </testcase>
    <testcase classname="More DirectionsScreen interactions toggles shuttle visibility" name="More DirectionsScreen interactions toggles shuttle visibility" time="0.842">
    </testcase>
    <testcase classname="More DirectionsScreen interactions handles back button press in directions view" name="More DirectionsScreen interactions handles back button press in directions view" time="0.858">
    </testcase>
    <testcase classname="More DirectionsScreen interactions processes current location button press" name="More DirectionsScreen interactions processes current location button press" time="0.667">
    </testcase>
    <testcase classname="Additional DirectionsScreen interactions changes travel mode when mode buttons are pressed" name="Additional DirectionsScreen interactions changes travel mode when mode buttons are pressed" time="0.853">
    </testcase>
    <testcase classname="Additional DirectionsScreen interactions expands and collapses the directions panel when expand button is pressed" name="Additional DirectionsScreen interactions expands and collapses the directions panel when expand button is pressed" time="1.215">
    </testcase>
    <testcase classname="Additional DirectionsScreen interactions handles campus button presses via onPlaceSelected callback" name="Additional DirectionsScreen interactions handles campus button presses via onPlaceSelected callback" time="0.66">
    </testcase>
    <testcase classname="Additional DirectionsScreen interactions handles error in fetching detailed directions" name="Additional DirectionsScreen interactions handles error in fetching detailed directions" time="0.817">
    </testcase>
    <testcase classname="Additional DirectionsScreen interactions expands directions panel via button press" name="Additional DirectionsScreen interactions expands directions panel via button press" time="0.93">
    </testcase>
    <testcase classname="Additional DirectionsScreen interactions renders route steps when API returns steps" name="Additional DirectionsScreen interactions renders route steps when API returns steps" time="1.493">
    </testcase>
    <testcase classname="Helper function stripHtml removes HTML tags correctly" name="Helper function stripHtml removes HTML tags correctly" time="0.001">
    </testcase>
    <testcase classname="Helper function stripHtml returns empty string for empty input" name="Helper function stripHtml returns empty string for empty input" time="0">
    </testcase>
  </testsuite>
</testsuites>